<?xml version="1.0" encoding="UTF-8"?>
<testng-results ignored="0" total="1" passed="1" failed="0" skipped="0">
  <reporter-output>
  </reporter-output>
  <suite started-at="2020-12-22T18:54:47 ART" name="Default suite" finished-at="2020-12-22T18:55:02 ART" duration-ms="15001">
    <groups>
    </groups>
    <test started-at="2020-12-22T18:54:47 ART" name="Default test" finished-at="2020-12-22T18:55:02 ART" duration-ms="15001">
      <class name="com.fravega.pom.tests.SearchTest">
        <test-method is-config="true" signature="setUp()[pri:0, instance:com.fravega.pom.tests.SearchTest@26275bef]" started-at="2020-12-22T18:54:47 ART" name="setUp" finished-at="2020-12-22T18:54:50 ART" duration-ms="2586" status="PASS">
          <reporter-output>
          </reporter-output>
        </test-method> <!-- setUp -->
        <test-method signature="seartchRefrigerator()[pri:0, instance:com.fravega.pom.tests.SearchTest@26275bef]" started-at="2020-12-22T18:54:50 ART" name="seartchRefrigerator" finished-at="2020-12-22T18:55:02 ART" duration-ms="12124" status="PASS">
          <reporter-output>
          </reporter-output>
        </test-method> <!-- seartchRefrigerator -->
        <test-method is-config="true" signature="finish()[pri:0, instance:com.fravega.pom.tests.SearchTest@26275bef]" started-at="2020-12-22T18:55:02 ART" name="finish" finished-at="2020-12-22T18:55:02 ART" duration-ms="251" status="PASS">
          <reporter-output>
          </reporter-output>
        </test-method> <!-- finish -->
      </class> <!-- com.fravega.pom.tests.SearchTest -->
    </test> <!-- Default test -->
  </suite> <!-- Default suite -->
</testng-results>
